<?xml version="1.0" encoding="UTF-8"?>
<testsuite xmlns:xsi="http://www.w3.org/2001/XMLSchema-instance" xsi:noNamespaceSchemaLocation="https://maven.apache.org/surefire/maven-surefire-plugin/xsd/surefire-test-report-3.0.xsd" version="3.0" name="boutique.AddToCartTest" time="3.71" tests="1" errors="0" skipped="0" failures="0">
  <properties>
[...]
</properties>
  <testcase name="testAddToCartPriceVerification" classname="boutique.AddToCartTest" time="3.694">
    <system-out><![CDATA[
=== TEST 1: Add To Cart Price Verification ===
Navigated to: http://localhost:8080
Screenshot saved: C:\Users\s_gua\Documents\project4\screenshots\Add_item_to_cart_and_verify_price_matches__01_homepage.png
Clicking product link: http://localhost:8080/product/OLJCESPC7Z
Product price on detail page: $19.99
Screenshot saved: C:\Users\s_gua\Documents\project4\screenshots\Add_item_to_cart_and_verify_price_matches__02_product_detail.png
Clicked 'Add To Cart'
Screenshot saved: C:\Users\s_gua\Documents\project4\screenshots\Add_item_to_cart_and_verify_price_matches__03_cart_page.png
RESULT: PASS — Cart page contains expected price [$19.99]
Screenshot saved: C:\Users\s_gua\Documents\project4\screenshots\Add_item_to_cart_and_verify_price_matches__FINAL.png
]]></system-out>
    <system-err><![CDATA[Apr 14, 2026 1:29:24 AM org.openqa.selenium.devtools.CdpVersionFinder findNearestMatch
WARNING: Unable to find CDP implementation matching 147
Apr 14, 2026 1:29:24 AM org.openqa.selenium.chromium.ChromiumDriver lambda$new$5
WARNING: Unable to find version of CDP to use for 147.0.7727.55. You may need to include a dependency on a specific version of the CDP using something similar to `org.seleniumhq.selenium:selenium-devtools-v86:4.21.0` where the version ("v86") matches the version of the chromium-based browser you're using and the version number of the artifact is the same as Selenium's.
]]></system-err>
  </testcase>
</testsuite>